[INFO] [2018-08-02 19:45:31][org.springframework.test.context.support.DefaultTestContextBootstrapper]Loaded default TestExecutionListener class names from location [META-INF/spring.factories]: [org.springframework.test.context.web.ServletTestExecutionListener, org.springframework.test.context.support.DirtiesContextBeforeModesTestExecutionListener, org.springframework.test.context.support.DependencyInjectionTestExecutionListener, org.springframework.test.context.support.DirtiesContextTestExecutionListener, org.springframework.test.context.transaction.TransactionalTestExecutionListener, org.springframework.test.context.jdbc.SqlScriptsTestExecutionListener]
[INFO] [2018-08-02 19:45:31][org.springframework.test.context.support.DefaultTestContextBootstrapper]Using TestExecutionListeners: [org.springframework.test.context.support.DirtiesContextBeforeModesTestExecutionListener@2b76be4, org.springframework.test.context.support.DependencyInjectionTestExecutionListener@580c4720, org.springframework.test.context.support.DirtiesContextTestExecutionListener@e11b309, org.springframework.test.context.transaction.TransactionalTestExecutionListener@2c011b16, org.springframework.test.context.jdbc.SqlScriptsTestExecutionListener@7c9957eb]
[INFO] [2018-08-02 19:45:31][org.springframework.beans.factory.xml.XmlBeanDefinitionReader]Loading XML bean definitions from class path resource [spring-mvc.xml]
[INFO] [2018-08-02 19:45:31][org.springframework.context.support.GenericApplicationContext]Refreshing org.springframework.context.support.GenericApplicationContext@482c7179: startup date [Thu Aug 02 19:45:31 CST 2018]; root of context hierarchy
[WARN] [2018-08-02 19:45:32][org.springframework.context.support.GenericApplicationContext]Exception encountered during context initialization - cancelling refresh attempt: org.springframework.beans.factory.BeanCreationException: Error creating bean with name 'org.springframework.web.servlet.mvc.method.annotation.RequestMappingHandlerAdapter#0': Failed to introspect bean class [org.springframework.web.servlet.mvc.method.annotation.RequestMappingHandlerAdapter] for lookup method metadata: could not find class that it depends on; nested exception is java.lang.NoClassDefFoundError: javax/servlet/ServletException
[ERROR] [2018-08-02 19:45:32][org.springframework.test.context.TestContextManager]Caught exception while allowing TestExecutionListener [org.springframework.test.context.support.DependencyInjectionTestExecutionListener@580c4720] to prepare test instance [TestMyBatis@3637a9c9]
java.lang.IllegalStateException: Failed to load ApplicationContext
	at org.springframework.test.context.cache.DefaultCacheAwareContextLoaderDelegate.loadContext(DefaultCacheAwareContextLoaderDelegate.java:124)
	at org.springframework.test.context.support.DefaultTestContext.getApplicationContext(DefaultTestContext.java:83)
	at org.springframework.test.context.support.DependencyInjectionTestExecutionListener.injectDependencies(DependencyInjectionTestExecutionListener.java:117)
	at org.springframework.test.context.support.DependencyInjectionTestExecutionListener.prepareTestInstance(DependencyInjectionTestExecutionListener.java:83)
	at org.springframework.test.context.TestContextManager.prepareTestInstance(TestContextManager.java:230)
	at org.springframework.test.context.junit4.SpringJUnit4ClassRunner.createTest(SpringJUnit4ClassRunner.java:228)
	at org.springframework.test.context.junit4.SpringJUnit4ClassRunner$1.runReflectiveCall(SpringJUnit4ClassRunner.java:287)
	at org.junit.internal.runners.model.ReflectiveCallable.run(ReflectiveCallable.java:12)
	at org.springframework.test.context.junit4.SpringJUnit4ClassRunner.methodBlock(SpringJUnit4ClassRunner.java:289)
	at org.springframework.test.context.junit4.SpringJUnit4ClassRunner.runChild(SpringJUnit4ClassRunner.java:247)
	at org.springframework.test.context.junit4.SpringJUnit4ClassRunner.runChild(SpringJUnit4ClassRunner.java:94)
	at org.junit.runners.ParentRunner$3.run(ParentRunner.java:290)
	at org.junit.runners.ParentRunner$1.schedule(ParentRunner.java:71)
	at org.junit.runners.ParentRunner.runChildren(ParentRunner.java:288)
	at org.junit.runners.ParentRunner.access$000(ParentRunner.java:58)
	at org.junit.runners.ParentRunner$2.evaluate(ParentRunner.java:268)
	at org.springframework.test.context.junit4.statements.RunBeforeTestClassCallbacks.evaluate(RunBeforeTestClassCallbacks.java:61)
	at org.springframework.test.context.junit4.statements.RunAfterTestClassCallbacks.evaluate(RunAfterTestClassCallbacks.java:70)
	at org.junit.runners.ParentRunner.run(ParentRunner.java:363)
	at org.springframework.test.context.junit4.SpringJUnit4ClassRunner.run(SpringJUnit4ClassRunner.java:191)
	at org.junit.runner.JUnitCore.run(JUnitCore.java:137)
	at com.intellij.junit4.JUnit4IdeaTestRunner.startRunnerWithArgs(JUnit4IdeaTestRunner.java:68)
	at com.intellij.rt.execution.junit.IdeaTestRunner$Repeater.startRunnerWithArgs(IdeaTestRunner.java:51)
	at com.intellij.rt.execution.junit.JUnitStarter.prepareStreamsAndStart(JUnitStarter.java:237)
	at com.intellij.rt.execution.junit.JUnitStarter.main(JUnitStarter.java:70)
Caused by: org.springframework.beans.factory.BeanCreationException: Error creating bean with name 'org.springframework.web.servlet.mvc.method.annotation.RequestMappingHandlerAdapter#0': Failed to introspect bean class [org.springframework.web.servlet.mvc.method.annotation.RequestMappingHandlerAdapter] for lookup method metadata: could not find class that it depends on; nested exception is java.lang.NoClassDefFoundError: javax/servlet/ServletException
	at org.springframework.beans.factory.annotation.AutowiredAnnotationBeanPostProcessor.determineCandidateConstructors(AutowiredAnnotationBeanPostProcessor.java:269)
	at org.springframework.beans.factory.support.AbstractAutowireCapableBeanFactory.determineConstructorsFromBeanPostProcessors(AbstractAutowireCapableBeanFactory.java:1126)
	at org.springframework.beans.factory.support.AbstractAutowireCapableBeanFactory.createBeanInstance(AbstractAutowireCapableBeanFactory.java:1099)
	at org.springframework.beans.factory.support.AbstractAutowireCapableBeanFactory.doCreateBean(AbstractAutowireCapableBeanFactory.java:513)
	at org.springframework.beans.factory.support.AbstractAutowireCapableBeanFactory.createBean(AbstractAutowireCapableBeanFactory.java:483)
	at org.springframework.beans.factory.support.AbstractBeanFactory$1.getObject(AbstractBeanFactory.java:312)
	at org.springframework.beans.factory.support.DefaultSingletonBeanRegistry.getSingleton(DefaultSingletonBeanRegistry.java:230)
	at org.springframework.beans.factory.support.AbstractBeanFactory.doGetBean(AbstractBeanFactory.java:308)
	at org.springframework.beans.factory.support.AbstractBeanFactory.getBean(AbstractBeanFactory.java:197)
	at org.springframework.beans.factory.support.DefaultListableBeanFactory.preInstantiateSingletons(DefaultListableBeanFactory.java:761)
	at org.springframework.context.support.AbstractApplicationContext.finishBeanFactoryInitialization(AbstractApplicationContext.java:867)
	at org.springframework.context.support.AbstractApplicationContext.refresh(AbstractApplicationContext.java:543)
	at org.springframework.test.context.support.AbstractGenericContextLoader.loadContext(AbstractGenericContextLoader.java:128)
	at org.springframework.test.context.support.AbstractGenericContextLoader.loadContext(AbstractGenericContextLoader.java:60)
	at org.springframework.test.context.support.AbstractDelegatingSmartContextLoader.delegateLoading(AbstractDelegatingSmartContextLoader.java:106)
	at org.springframework.test.context.support.AbstractDelegatingSmartContextLoader.loadContext(AbstractDelegatingSmartContextLoader.java:249)
	at org.springframework.test.context.cache.DefaultCacheAwareContextLoaderDelegate.loadContextInternal(DefaultCacheAwareContextLoaderDelegate.java:98)
	at org.springframework.test.context.cache.DefaultCacheAwareContextLoaderDelegate.loadContext(DefaultCacheAwareContextLoaderDelegate.java:116)
	... 24 more
Caused by: java.lang.NoClassDefFoundError: javax/servlet/ServletException
	at java.lang.ClassLoader.defineClass1(Native Method)
	at java.lang.ClassLoader.defineClass(ClassLoader.java:800)
	at java.security.SecureClassLoader.defineClass(SecureClassLoader.java:142)
	at java.net.URLClassLoader.defineClass(URLClassLoader.java:449)
	at java.net.URLClassLoader.access$100(URLClassLoader.java:71)
	at java.net.URLClassLoader$1.run(URLClassLoader.java:361)
	at java.net.URLClassLoader$1.run(URLClassLoader.java:355)
	at java.security.AccessController.doPrivileged(Native Method)
	at java.net.URLClassLoader.findClass(URLClassLoader.java:354)
	at java.lang.ClassLoader.loadClass(ClassLoader.java:425)
	at sun.misc.Launcher$AppClassLoader.loadClass(Launcher.java:308)
	at java.lang.ClassLoader.loadClass(ClassLoader.java:358)
	at java.lang.Class.getDeclaredMethods0(Native Method)
	at java.lang.Class.privateGetDeclaredMethods(Class.java:2615)
	at java.lang.Class.getDeclaredMethods(Class.java:1860)
	at org.springframework.util.ReflectionUtils.getDeclaredMethods(ReflectionUtils.java:613)
	at org.springframework.util.ReflectionUtils.doWithMethods(ReflectionUtils.java:524)
	at org.springframework.util.ReflectionUtils.doWithMethods(ReflectionUtils.java:510)
	at org.springframework.beans.factory.annotation.AutowiredAnnotationBeanPostProcessor.determineCandidateConstructors(AutowiredAnnotationBeanPostProcessor.java:247)
	... 41 more
Caused by: java.lang.ClassNotFoundException: javax.servlet.ServletException
	at java.net.URLClassLoader$1.run(URLClassLoader.java:366)
	at java.net.URLClassLoader$1.run(URLClassLoader.java:355)
	at java.security.AccessController.doPrivileged(Native Method)
	at java.net.URLClassLoader.findClass(URLClassLoader.java:354)
	at java.lang.ClassLoader.loadClass(ClassLoader.java:425)
	at sun.misc.Launcher$AppClassLoader.loadClass(Launcher.java:308)
	at java.lang.ClassLoader.loadClass(ClassLoader.java:358)
	... 60 more
[INFO] [2018-08-02 19:46:03][org.springframework.test.context.support.DefaultTestContextBootstrapper]Loaded default TestExecutionListener class names from location [META-INF/spring.factories]: [org.springframework.test.context.web.ServletTestExecutionListener, org.springframework.test.context.support.DirtiesContextBeforeModesTestExecutionListener, org.springframework.test.context.support.DependencyInjectionTestExecutionListener, org.springframework.test.context.support.DirtiesContextTestExecutionListener, org.springframework.test.context.transaction.TransactionalTestExecutionListener, org.springframework.test.context.jdbc.SqlScriptsTestExecutionListener]
[INFO] [2018-08-02 19:46:03][org.springframework.test.context.support.DefaultTestContextBootstrapper]Using TestExecutionListeners: [org.springframework.test.context.support.DirtiesContextBeforeModesTestExecutionListener@2c011b16, org.springframework.test.context.support.DependencyInjectionTestExecutionListener@7c9957eb, org.springframework.test.context.support.DirtiesContextTestExecutionListener@375b4535, org.springframework.test.context.transaction.TransactionalTestExecutionListener@491cb6f7, org.springframework.test.context.jdbc.SqlScriptsTestExecutionListener@7c3037a0]
[INFO] [2018-08-02 19:46:03][org.springframework.beans.factory.xml.XmlBeanDefinitionReader]Loading XML bean definitions from class path resource [spring-mvc.xml]
[INFO] [2018-08-02 19:46:04][org.springframework.context.support.GenericApplicationContext]Refreshing org.springframework.context.support.GenericApplicationContext@3df161ac: startup date [Thu Aug 02 19:46:04 CST 2018]; root of context hierarchy
[WARN] [2018-08-02 19:46:04][org.springframework.context.support.GenericApplicationContext]Exception encountered during context initialization - cancelling refresh attempt: org.springframework.beans.factory.BeanCreationException: Error creating bean with name 'org.springframework.web.servlet.mvc.method.annotation.RequestMappingHandlerAdapter#0': Failed to introspect bean class [org.springframework.web.servlet.mvc.method.annotation.RequestMappingHandlerAdapter] for lookup method metadata: could not find class that it depends on; nested exception is java.lang.NoClassDefFoundError: javax/servlet/ServletException
[ERROR] [2018-08-02 19:46:04][org.springframework.test.context.TestContextManager]Caught exception while allowing TestExecutionListener [org.springframework.test.context.support.DependencyInjectionTestExecutionListener@7c9957eb] to prepare test instance [TestMyBatis@2c061379]
java.lang.IllegalStateException: Failed to load ApplicationContext
	at org.springframework.test.context.cache.DefaultCacheAwareContextLoaderDelegate.loadContext(DefaultCacheAwareContextLoaderDelegate.java:124)
	at org.springframework.test.context.support.DefaultTestContext.getApplicationContext(DefaultTestContext.java:83)
	at org.springframework.test.context.support.DependencyInjectionTestExecutionListener.injectDependencies(DependencyInjectionTestExecutionListener.java:117)
	at org.springframework.test.context.support.DependencyInjectionTestExecutionListener.prepareTestInstance(DependencyInjectionTestExecutionListener.java:83)
	at org.springframework.test.context.TestContextManager.prepareTestInstance(TestContextManager.java:230)
	at org.springframework.test.context.junit4.SpringJUnit4ClassRunner.createTest(SpringJUnit4ClassRunner.java:228)
	at org.springframework.test.context.junit4.SpringJUnit4ClassRunner$1.runReflectiveCall(SpringJUnit4ClassRunner.java:287)
	at org.junit.internal.runners.model.ReflectiveCallable.run(ReflectiveCallable.java:12)
	at org.springframework.test.context.junit4.SpringJUnit4ClassRunner.methodBlock(SpringJUnit4ClassRunner.java:289)
	at org.springframework.test.context.junit4.SpringJUnit4ClassRunner.runChild(SpringJUnit4ClassRunner.java:247)
	at org.springframework.test.context.junit4.SpringJUnit4ClassRunner.runChild(SpringJUnit4ClassRunner.java:94)
	at org.junit.runners.ParentRunner$3.run(ParentRunner.java:290)
	at org.junit.runners.ParentRunner$1.schedule(ParentRunner.java:71)
	at org.junit.runners.ParentRunner.runChildren(ParentRunner.java:288)
	at org.junit.runners.ParentRunner.access$000(ParentRunner.java:58)
	at org.junit.runners.ParentRunner$2.evaluate(ParentRunner.java:268)
	at org.springframework.test.context.junit4.statements.RunBeforeTestClassCallbacks.evaluate(RunBeforeTestClassCallbacks.java:61)
	at org.springframework.test.context.junit4.statements.RunAfterTestClassCallbacks.evaluate(RunAfterTestClassCallbacks.java:70)
	at org.junit.runners.ParentRunner.run(ParentRunner.java:363)
	at org.springframework.test.context.junit4.SpringJUnit4ClassRunner.run(SpringJUnit4ClassRunner.java:191)
	at org.junit.runner.JUnitCore.run(JUnitCore.java:137)
	at com.intellij.junit4.JUnit4IdeaTestRunner.startRunnerWithArgs(JUnit4IdeaTestRunner.java:68)
	at com.intellij.rt.execution.junit.IdeaTestRunner$Repeater.startRunnerWithArgs(IdeaTestRunner.java:51)
	at com.intellij.rt.execution.junit.JUnitStarter.prepareStreamsAndStart(JUnitStarter.java:237)
	at com.intellij.rt.execution.junit.JUnitStarter.main(JUnitStarter.java:70)
Caused by: org.springframework.beans.factory.BeanCreationException: Error creating bean with name 'org.springframework.web.servlet.mvc.method.annotation.RequestMappingHandlerAdapter#0': Failed to introspect bean class [org.springframework.web.servlet.mvc.method.annotation.RequestMappingHandlerAdapter] for lookup method metadata: could not find class that it depends on; nested exception is java.lang.NoClassDefFoundError: javax/servlet/ServletException
	at org.springframework.beans.factory.annotation.AutowiredAnnotationBeanPostProcessor.determineCandidateConstructors(AutowiredAnnotationBeanPostProcessor.java:269)
	at org.springframework.beans.factory.support.AbstractAutowireCapableBeanFactory.determineConstructorsFromBeanPostProcessors(AbstractAutowireCapableBeanFactory.java:1126)
	at org.springframework.beans.factory.support.AbstractAutowireCapableBeanFactory.createBeanInstance(AbstractAutowireCapableBeanFactory.java:1099)
	at org.springframework.beans.factory.support.AbstractAutowireCapableBeanFactory.doCreateBean(AbstractAutowireCapableBeanFactory.java:513)
	at org.springframework.beans.factory.support.AbstractAutowireCapableBeanFactory.createBean(AbstractAutowireCapableBeanFactory.java:483)
	at org.springframework.beans.factory.support.AbstractBeanFactory$1.getObject(AbstractBeanFactory.java:312)
	at org.springframework.beans.factory.support.DefaultSingletonBeanRegistry.getSingleton(DefaultSingletonBeanRegistry.java:230)
	at org.springframework.beans.factory.support.AbstractBeanFactory.doGetBean(AbstractBeanFactory.java:308)
	at org.springframework.beans.factory.support.AbstractBeanFactory.getBean(AbstractBeanFactory.java:197)
	at org.springframework.beans.factory.support.DefaultListableBeanFactory.preInstantiateSingletons(DefaultListableBeanFactory.java:761)
	at org.springframework.context.support.AbstractApplicationContext.finishBeanFactoryInitialization(AbstractApplicationContext.java:867)
	at org.springframework.context.support.AbstractApplicationContext.refresh(AbstractApplicationContext.java:543)
	at org.springframework.test.context.support.AbstractGenericContextLoader.loadContext(AbstractGenericContextLoader.java:128)
	at org.springframework.test.context.support.AbstractGenericContextLoader.loadContext(AbstractGenericContextLoader.java:60)
	at org.springframework.test.context.support.AbstractDelegatingSmartContextLoader.delegateLoading(AbstractDelegatingSmartContextLoader.java:106)
	at org.springframework.test.context.support.AbstractDelegatingSmartContextLoader.loadContext(AbstractDelegatingSmartContextLoader.java:249)
	at org.springframework.test.context.cache.DefaultCacheAwareContextLoaderDelegate.loadContextInternal(DefaultCacheAwareContextLoaderDelegate.java:98)
	at org.springframework.test.context.cache.DefaultCacheAwareContextLoaderDelegate.loadContext(DefaultCacheAwareContextLoaderDelegate.java:116)
	... 24 more
Caused by: java.lang.NoClassDefFoundError: javax/servlet/ServletException
	at java.lang.ClassLoader.defineClass1(Native Method)
	at java.lang.ClassLoader.defineClass(ClassLoader.java:800)
	at java.security.SecureClassLoader.defineClass(SecureClassLoader.java:142)
	at java.net.URLClassLoader.defineClass(URLClassLoader.java:449)
	at java.net.URLClassLoader.access$100(URLClassLoader.java:71)
	at java.net.URLClassLoader$1.run(URLClassLoader.java:361)
	at java.net.URLClassLoader$1.run(URLClassLoader.java:355)
	at java.security.AccessController.doPrivileged(Native Method)
	at java.net.URLClassLoader.findClass(URLClassLoader.java:354)
	at java.lang.ClassLoader.loadClass(ClassLoader.java:425)
	at sun.misc.Launcher$AppClassLoader.loadClass(Launcher.java:308)
	at java.lang.ClassLoader.loadClass(ClassLoader.java:358)
	at java.lang.Class.getDeclaredMethods0(Native Method)
	at java.lang.Class.privateGetDeclaredMethods(Class.java:2615)
	at java.lang.Class.getDeclaredMethods(Class.java:1860)
	at org.springframework.util.ReflectionUtils.getDeclaredMethods(ReflectionUtils.java:613)
	at org.springframework.util.ReflectionUtils.doWithMethods(ReflectionUtils.java:524)
	at org.springframework.util.ReflectionUtils.doWithMethods(ReflectionUtils.java:510)
	at org.springframework.beans.factory.annotation.AutowiredAnnotationBeanPostProcessor.determineCandidateConstructors(AutowiredAnnotationBeanPostProcessor.java:247)
	... 41 more
Caused by: java.lang.ClassNotFoundException: javax.servlet.ServletException
	at java.net.URLClassLoader$1.run(URLClassLoader.java:366)
	at java.net.URLClassLoader$1.run(URLClassLoader.java:355)
	at java.security.AccessController.doPrivileged(Native Method)
	at java.net.URLClassLoader.findClass(URLClassLoader.java:354)
	at java.lang.ClassLoader.loadClass(ClassLoader.java:425)
	at sun.misc.Launcher$AppClassLoader.loadClass(Launcher.java:308)
	at java.lang.ClassLoader.loadClass(ClassLoader.java:358)
	... 60 more
[INFO] [2018-08-02 19:49:44][org.springframework.test.context.support.DefaultTestContextBootstrapper]Loaded default TestExecutionListener class names from location [META-INF/spring.factories]: [org.springframework.test.context.web.ServletTestExecutionListener, org.springframework.test.context.support.DirtiesContextBeforeModesTestExecutionListener, org.springframework.test.context.support.DependencyInjectionTestExecutionListener, org.springframework.test.context.support.DirtiesContextTestExecutionListener, org.springframework.test.context.transaction.TransactionalTestExecutionListener, org.springframework.test.context.jdbc.SqlScriptsTestExecutionListener]
[INFO] [2018-08-02 19:49:44][org.springframework.test.context.support.DefaultTestContextBootstrapper]Using TestExecutionListeners: [org.springframework.test.context.web.ServletTestExecutionListener@66d7fef7, org.springframework.test.context.support.DirtiesContextBeforeModesTestExecutionListener@6ea43ee0, org.springframework.test.context.support.DependencyInjectionTestExecutionListener@611c1cdf, org.springframework.test.context.support.DirtiesContextTestExecutionListener@7caba647, org.springframework.test.context.transaction.TransactionalTestExecutionListener@6931bf42, org.springframework.test.context.jdbc.SqlScriptsTestExecutionListener@4103bc02]
[INFO] [2018-08-02 19:49:44][org.springframework.beans.factory.xml.XmlBeanDefinitionReader]Loading XML bean definitions from class path resource [spring-mvc.xml]
[INFO] [2018-08-02 19:49:44][org.springframework.context.support.GenericApplicationContext]Refreshing org.springframework.context.support.GenericApplicationContext@4dbba13d: startup date [Thu Aug 02 19:49:44 CST 2018]; root of context hierarchy
[INFO] [2018-08-02 19:49:45][org.springframework.beans.factory.annotation.AutowiredAnnotationBeanPostProcessor]JSR-330 'javax.inject.Inject' annotation found and supported for autowiring
[INFO] [2018-08-02 19:49:45][org.springframework.web.servlet.mvc.method.annotation.RequestMappingHandlerAdapter]Looking for @ControllerAdvice: org.springframework.context.support.GenericApplicationContext@4dbba13d: startup date [Thu Aug 02 19:49:44 CST 2018]; root of context hierarchy
[ERROR] [2018-08-02 19:49:45][org.springframework.test.context.TestContextManager]Caught exception while allowing TestExecutionListener [org.springframework.test.context.support.DependencyInjectionTestExecutionListener@611c1cdf] to prepare test instance [TestMyBatis@53a45d31]
org.springframework.beans.factory.BeanCreationException: Error creating bean with name 'TestMyBatis': Injection of resource dependencies failed; nested exception is org.springframework.beans.factory.NoSuchBeanDefinitionException: No qualifying bean of type 'com.just4cool.service.UserService' available: expected at least 1 bean which qualifies as autowire candidate. Dependency annotations: {@javax.annotation.Resource(shareable=true, mappedName=, description=, name=, type=class java.lang.Object, lookup=, authenticationType=CONTAINER)}
	at org.springframework.context.annotation.CommonAnnotationBeanPostProcessor.postProcessPropertyValues(CommonAnnotationBeanPostProcessor.java:321)
	at org.springframework.beans.factory.support.AbstractAutowireCapableBeanFactory.populateBean(AbstractAutowireCapableBeanFactory.java:1272)
	at org.springframework.beans.factory.support.AbstractAutowireCapableBeanFactory.autowireBeanProperties(AbstractAutowireCapableBeanFactory.java:386)
	at org.springframework.test.context.support.DependencyInjectionTestExecutionListener.injectDependencies(DependencyInjectionTestExecutionListener.java:118)
	at org.springframework.test.context.support.DependencyInjectionTestExecutionListener.prepareTestInstance(DependencyInjectionTestExecutionListener.java:83)
	at org.springframework.test.context.TestContextManager.prepareTestInstance(TestContextManager.java:230)
	at org.springframework.test.context.junit4.SpringJUnit4ClassRunner.createTest(SpringJUnit4ClassRunner.java:228)
	at org.springframework.test.context.junit4.SpringJUnit4ClassRunner$1.runReflectiveCall(SpringJUnit4ClassRunner.java:287)
	at org.junit.internal.runners.model.ReflectiveCallable.run(ReflectiveCallable.java:12)
	at org.springframework.test.context.junit4.SpringJUnit4ClassRunner.methodBlock(SpringJUnit4ClassRunner.java:289)
	at org.springframework.test.context.junit4.SpringJUnit4ClassRunner.runChild(SpringJUnit4ClassRunner.java:247)
	at org.springframework.test.context.junit4.SpringJUnit4ClassRunner.runChild(SpringJUnit4ClassRunner.java:94)
	at org.junit.runners.ParentRunner$3.run(ParentRunner.java:290)
	at org.junit.runners.ParentRunner$1.schedule(ParentRunner.java:71)
	at org.junit.runners.ParentRunner.runChildren(ParentRunner.java:288)
	at org.junit.runners.ParentRunner.access$000(ParentRunner.java:58)
	at org.junit.runners.ParentRunner$2.evaluate(ParentRunner.java:268)
	at org.springframework.test.context.junit4.statements.RunBeforeTestClassCallbacks.evaluate(RunBeforeTestClassCallbacks.java:61)
	at org.springframework.test.context.junit4.statements.RunAfterTestClassCallbacks.evaluate(RunAfterTestClassCallbacks.java:70)
	at org.junit.runners.ParentRunner.run(ParentRunner.java:363)
	at org.springframework.test.context.junit4.SpringJUnit4ClassRunner.run(SpringJUnit4ClassRunner.java:191)
	at org.junit.runner.JUnitCore.run(JUnitCore.java:137)
	at com.intellij.junit4.JUnit4IdeaTestRunner.startRunnerWithArgs(JUnit4IdeaTestRunner.java:68)
	at com.intellij.rt.execution.junit.IdeaTestRunner$Repeater.startRunnerWithArgs(IdeaTestRunner.java:51)
	at com.intellij.rt.execution.junit.JUnitStarter.prepareStreamsAndStart(JUnitStarter.java:237)
	at com.intellij.rt.execution.junit.JUnitStarter.main(JUnitStarter.java:70)
Caused by: org.springframework.beans.factory.NoSuchBeanDefinitionException: No qualifying bean of type 'com.just4cool.service.UserService' available: expected at least 1 bean which qualifies as autowire candidate. Dependency annotations: {@javax.annotation.Resource(shareable=true, mappedName=, description=, name=, type=class java.lang.Object, lookup=, authenticationType=CONTAINER)}
	at org.springframework.beans.factory.support.DefaultListableBeanFactory.raiseNoMatchingBeanFound(DefaultListableBeanFactory.java:1493)
	at org.springframework.beans.factory.support.DefaultListableBeanFactory.doResolveDependency(DefaultListableBeanFactory.java:1104)
	at org.springframework.beans.factory.support.DefaultListableBeanFactory.resolveDependency(DefaultListableBeanFactory.java:1066)
	at org.springframework.context.annotation.CommonAnnotationBeanPostProcessor.autowireResource(CommonAnnotationBeanPostProcessor.java:518)
	at org.springframework.context.annotation.CommonAnnotationBeanPostProcessor.getResource(CommonAnnotationBeanPostProcessor.java:496)
	at org.springframework.context.annotation.CommonAnnotationBeanPostProcessor$ResourceElement.getResourceToInject(CommonAnnotationBeanPostProcessor.java:627)
	at org.springframework.beans.factory.annotation.InjectionMetadata$InjectedElement.inject(InjectionMetadata.java:169)
	at org.springframework.beans.factory.annotation.InjectionMetadata.inject(InjectionMetadata.java:88)
	at org.springframework.context.annotation.CommonAnnotationBeanPostProcessor.postProcessPropertyValues(CommonAnnotationBeanPostProcessor.java:318)
	... 25 more
[INFO] [2018-08-02 19:49:45][org.springframework.context.support.GenericApplicationContext]Closing org.springframework.context.support.GenericApplicationContext@4dbba13d: startup date [Thu Aug 02 19:49:44 CST 2018]; root of context hierarchy
[INFO] [2018-08-02 19:51:24][org.springframework.test.context.support.DefaultTestContextBootstrapper]Loaded default TestExecutionListener class names from location [META-INF/spring.factories]: [org.springframework.test.context.web.ServletTestExecutionListener, org.springframework.test.context.support.DirtiesContextBeforeModesTestExecutionListener, org.springframework.test.context.support.DependencyInjectionTestExecutionListener, org.springframework.test.context.support.DirtiesContextTestExecutionListener, org.springframework.test.context.transaction.TransactionalTestExecutionListener, org.springframework.test.context.jdbc.SqlScriptsTestExecutionListener]
[INFO] [2018-08-02 19:51:24][org.springframework.test.context.support.DefaultTestContextBootstrapper]Using TestExecutionListeners: [org.springframework.test.context.web.ServletTestExecutionListener@5908979c, org.springframework.test.context.support.DirtiesContextBeforeModesTestExecutionListener@4319b06e, org.springframework.test.context.support.DependencyInjectionTestExecutionListener@4b8e282c, org.springframework.test.context.support.DirtiesContextTestExecutionListener@61ef8774, org.springframework.test.context.transaction.TransactionalTestExecutionListener@34a602e7, org.springframework.test.context.jdbc.SqlScriptsTestExecutionListener@7f08a6b1]
[INFO] [2018-08-02 19:51:24][org.springframework.beans.factory.xml.XmlBeanDefinitionReader]Loading XML bean definitions from class path resource [spring-mvc.xml]
[INFO] [2018-08-02 19:51:25][org.springframework.context.support.GenericApplicationContext]Refreshing org.springframework.context.support.GenericApplicationContext@5027690e: startup date [Thu Aug 02 19:51:25 CST 2018]; root of context hierarchy
[INFO] [2018-08-02 19:51:25][org.springframework.beans.factory.annotation.AutowiredAnnotationBeanPostProcessor]JSR-330 'javax.inject.Inject' annotation found and supported for autowiring
[INFO] [2018-08-02 19:51:25][org.springframework.web.servlet.mvc.method.annotation.RequestMappingHandlerAdapter]Looking for @ControllerAdvice: org.springframework.context.support.GenericApplicationContext@5027690e: startup date [Thu Aug 02 19:51:25 CST 2018]; root of context hierarchy
[ERROR] [2018-08-02 19:51:25][org.springframework.test.context.TestContextManager]Caught exception while allowing TestExecutionListener [org.springframework.test.context.support.DependencyInjectionTestExecutionListener@4b8e282c] to prepare test instance [TestMyBatis@5d46a6af]
org.springframework.beans.factory.UnsatisfiedDependencyException: Error creating bean with name 'TestMyBatis': Unsatisfied dependency expressed through field 'userService'; nested exception is org.springframework.beans.factory.NoSuchBeanDefinitionException: No qualifying bean of type 'com.just4cool.service.UserService' available: expected at least 1 bean which qualifies as autowire candidate. Dependency annotations: {@org.springframework.beans.factory.annotation.Autowired(required=true)}
	at org.springframework.beans.factory.annotation.AutowiredAnnotationBeanPostProcessor$AutowiredFieldElement.inject(AutowiredAnnotationBeanPostProcessor.java:588)
	at org.springframework.beans.factory.annotation.InjectionMetadata.inject(InjectionMetadata.java:88)
	at org.springframework.beans.factory.annotation.AutowiredAnnotationBeanPostProcessor.postProcessPropertyValues(AutowiredAnnotationBeanPostProcessor.java:366)
	at org.springframework.beans.factory.support.AbstractAutowireCapableBeanFactory.populateBean(AbstractAutowireCapableBeanFactory.java:1272)
	at org.springframework.beans.factory.support.AbstractAutowireCapableBeanFactory.autowireBeanProperties(AbstractAutowireCapableBeanFactory.java:386)
	at org.springframework.test.context.support.DependencyInjectionTestExecutionListener.injectDependencies(DependencyInjectionTestExecutionListener.java:118)
	at org.springframework.test.context.support.DependencyInjectionTestExecutionListener.prepareTestInstance(DependencyInjectionTestExecutionListener.java:83)
	at org.springframework.test.context.TestContextManager.prepareTestInstance(TestContextManager.java:230)
	at org.springframework.test.context.junit4.SpringJUnit4ClassRunner.createTest(SpringJUnit4ClassRunner.java:228)
	at org.springframework.test.context.junit4.SpringJUnit4ClassRunner$1.runReflectiveCall(SpringJUnit4ClassRunner.java:287)
	at org.junit.internal.runners.model.ReflectiveCallable.run(ReflectiveCallable.java:12)
	at org.springframework.test.context.junit4.SpringJUnit4ClassRunner.methodBlock(SpringJUnit4ClassRunner.java:289)
	at org.springframework.test.context.junit4.SpringJUnit4ClassRunner.runChild(SpringJUnit4ClassRunner.java:247)
	at org.springframework.test.context.junit4.SpringJUnit4ClassRunner.runChild(SpringJUnit4ClassRunner.java:94)
	at org.junit.runners.ParentRunner$3.run(ParentRunner.java:290)
	at org.junit.runners.ParentRunner$1.schedule(ParentRunner.java:71)
	at org.junit.runners.ParentRunner.runChildren(ParentRunner.java:288)
	at org.junit.runners.ParentRunner.access$000(ParentRunner.java:58)
	at org.junit.runners.ParentRunner$2.evaluate(ParentRunner.java:268)
	at org.springframework.test.context.junit4.statements.RunBeforeTestClassCallbacks.evaluate(RunBeforeTestClassCallbacks.java:61)
	at org.springframework.test.context.junit4.statements.RunAfterTestClassCallbacks.evaluate(RunAfterTestClassCallbacks.java:70)
	at org.junit.runners.ParentRunner.run(ParentRunner.java:363)
	at org.springframework.test.context.junit4.SpringJUnit4ClassRunner.run(SpringJUnit4ClassRunner.java:191)
	at org.junit.runner.JUnitCore.run(JUnitCore.java:137)
	at com.intellij.junit4.JUnit4IdeaTestRunner.startRunnerWithArgs(JUnit4IdeaTestRunner.java:68)
	at com.intellij.rt.execution.junit.IdeaTestRunner$Repeater.startRunnerWithArgs(IdeaTestRunner.java:51)
	at com.intellij.rt.execution.junit.JUnitStarter.prepareStreamsAndStart(JUnitStarter.java:237)
	at com.intellij.rt.execution.junit.JUnitStarter.main(JUnitStarter.java:70)
Caused by: org.springframework.beans.factory.NoSuchBeanDefinitionException: No qualifying bean of type 'com.just4cool.service.UserService' available: expected at least 1 bean which qualifies as autowire candidate. Dependency annotations: {@org.springframework.beans.factory.annotation.Autowired(required=true)}
	at org.springframework.beans.factory.support.DefaultListableBeanFactory.raiseNoMatchingBeanFound(DefaultListableBeanFactory.java:1493)
	at org.springframework.beans.factory.support.DefaultListableBeanFactory.doResolveDependency(DefaultListableBeanFactory.java:1104)
	at org.springframework.beans.factory.support.DefaultListableBeanFactory.resolveDependency(DefaultListableBeanFactory.java:1066)
	at org.springframework.beans.factory.annotation.AutowiredAnnotationBeanPostProcessor$AutowiredFieldElement.inject(AutowiredAnnotationBeanPostProcessor.java:585)
	... 27 more
[INFO] [2018-08-02 19:51:25][org.springframework.context.support.GenericApplicationContext]Closing org.springframework.context.support.GenericApplicationContext@5027690e: startup date [Thu Aug 02 19:51:25 CST 2018]; root of context hierarchy
[INFO] [2018-08-02 19:54:53][org.springframework.test.context.support.DefaultTestContextBootstrapper]Loaded default TestExecutionListener class names from location [META-INF/spring.factories]: [org.springframework.test.context.web.ServletTestExecutionListener, org.springframework.test.context.support.DirtiesContextBeforeModesTestExecutionListener, org.springframework.test.context.support.DependencyInjectionTestExecutionListener, org.springframework.test.context.support.DirtiesContextTestExecutionListener, org.springframework.test.context.transaction.TransactionalTestExecutionListener, org.springframework.test.context.jdbc.SqlScriptsTestExecutionListener]
[INFO] [2018-08-02 19:54:53][org.springframework.test.context.support.DefaultTestContextBootstrapper]Using TestExecutionListeners: [org.springframework.test.context.web.ServletTestExecutionListener@cded763, org.springframework.test.context.support.DirtiesContextBeforeModesTestExecutionListener@7a0eab2e, org.springframework.test.context.support.DependencyInjectionTestExecutionListener@5908979c, org.springframework.test.context.support.DirtiesContextTestExecutionListener@4319b06e, org.springframework.test.context.transaction.TransactionalTestExecutionListener@4b8e282c, org.springframework.test.context.jdbc.SqlScriptsTestExecutionListener@61ef8774]
[INFO] [2018-08-02 19:54:53][org.springframework.beans.factory.xml.XmlBeanDefinitionReader]Loading XML bean definitions from class path resource [spring-mvc.xml]
[INFO] [2018-08-02 19:54:54][org.springframework.context.support.GenericApplicationContext]Refreshing org.springframework.context.support.GenericApplicationContext@31299938: startup date [Thu Aug 02 19:54:54 CST 2018]; root of context hierarchy
[INFO] [2018-08-02 19:54:54][org.springframework.beans.factory.annotation.AutowiredAnnotationBeanPostProcessor]JSR-330 'javax.inject.Inject' annotation found and supported for autowiring
[INFO] [2018-08-02 19:54:54][org.springframework.web.servlet.mvc.method.annotation.RequestMappingHandlerAdapter]Looking for @ControllerAdvice: org.springframework.context.support.GenericApplicationContext@31299938: startup date [Thu Aug 02 19:54:54 CST 2018]; root of context hierarchy
[ERROR] [2018-08-02 19:54:54][org.springframework.test.context.TestContextManager]Caught exception while allowing TestExecutionListener [org.springframework.test.context.support.DependencyInjectionTestExecutionListener@5908979c] to prepare test instance [TestMyBatis@71ed5401]
org.springframework.beans.factory.UnsatisfiedDependencyException: Error creating bean with name 'TestMyBatis': Unsatisfied dependency expressed through field 'userService'; nested exception is org.springframework.beans.factory.NoSuchBeanDefinitionException: No qualifying bean of type 'com.just4cool.service.UserService' available: expected at least 1 bean which qualifies as autowire candidate. Dependency annotations: {@org.springframework.beans.factory.annotation.Autowired(required=true)}
	at org.springframework.beans.factory.annotation.AutowiredAnnotationBeanPostProcessor$AutowiredFieldElement.inject(AutowiredAnnotationBeanPostProcessor.java:588)
	at org.springframework.beans.factory.annotation.InjectionMetadata.inject(InjectionMetadata.java:88)
	at org.springframework.beans.factory.annotation.AutowiredAnnotationBeanPostProcessor.postProcessPropertyValues(AutowiredAnnotationBeanPostProcessor.java:366)
	at org.springframework.beans.factory.support.AbstractAutowireCapableBeanFactory.populateBean(AbstractAutowireCapableBeanFactory.java:1272)
	at org.springframework.beans.factory.support.AbstractAutowireCapableBeanFactory.autowireBeanProperties(AbstractAutowireCapableBeanFactory.java:386)
	at org.springframework.test.context.support.DependencyInjectionTestExecutionListener.injectDependencies(DependencyInjectionTestExecutionListener.java:118)
	at org.springframework.test.context.support.DependencyInjectionTestExecutionListener.prepareTestInstance(DependencyInjectionTestExecutionListener.java:83)
	at org.springframework.test.context.TestContextManager.prepareTestInstance(TestContextManager.java:230)
	at org.springframework.test.context.junit4.SpringJUnit4ClassRunner.createTest(SpringJUnit4ClassRunner.java:228)
	at org.springframework.test.context.junit4.SpringJUnit4ClassRunner$1.runReflectiveCall(SpringJUnit4ClassRunner.java:287)
	at org.junit.internal.runners.model.ReflectiveCallable.run(ReflectiveCallable.java:12)
	at org.springframework.test.context.junit4.SpringJUnit4ClassRunner.methodBlock(SpringJUnit4ClassRunner.java:289)
	at org.springframework.test.context.junit4.SpringJUnit4ClassRunner.runChild(SpringJUnit4ClassRunner.java:247)
	at org.springframework.test.context.junit4.SpringJUnit4ClassRunner.runChild(SpringJUnit4ClassRunner.java:94)
	at org.junit.runners.ParentRunner$3.run(ParentRunner.java:290)
	at org.junit.runners.ParentRunner$1.schedule(ParentRunner.java:71)
	at org.junit.runners.ParentRunner.runChildren(ParentRunner.java:288)
	at org.junit.runners.ParentRunner.access$000(ParentRunner.java:58)
	at org.junit.runners.ParentRunner$2.evaluate(ParentRunner.java:268)
	at org.springframework.test.context.junit4.statements.RunBeforeTestClassCallbacks.evaluate(RunBeforeTestClassCallbacks.java:61)
	at org.springframework.test.context.junit4.statements.RunAfterTestClassCallbacks.evaluate(RunAfterTestClassCallbacks.java:70)
	at org.junit.runners.ParentRunner.run(ParentRunner.java:363)
	at org.springframework.test.context.junit4.SpringJUnit4ClassRunner.run(SpringJUnit4ClassRunner.java:191)
	at org.junit.runner.JUnitCore.run(JUnitCore.java:137)
	at com.intellij.junit4.JUnit4IdeaTestRunner.startRunnerWithArgs(JUnit4IdeaTestRunner.java:68)
	at com.intellij.rt.execution.junit.IdeaTestRunner$Repeater.startRunnerWithArgs(IdeaTestRunner.java:51)
	at com.intellij.rt.execution.junit.JUnitStarter.prepareStreamsAndStart(JUnitStarter.java:237)
	at com.intellij.rt.execution.junit.JUnitStarter.main(JUnitStarter.java:70)
Caused by: org.springframework.beans.factory.NoSuchBeanDefinitionException: No qualifying bean of type 'com.just4cool.service.UserService' available: expected at least 1 bean which qualifies as autowire candidate. Dependency annotations: {@org.springframework.beans.factory.annotation.Autowired(required=true)}
	at org.springframework.beans.factory.support.DefaultListableBeanFactory.raiseNoMatchingBeanFound(DefaultListableBeanFactory.java:1493)
	at org.springframework.beans.factory.support.DefaultListableBeanFactory.doResolveDependency(DefaultListableBeanFactory.java:1104)
	at org.springframework.beans.factory.support.DefaultListableBeanFactory.resolveDependency(DefaultListableBeanFactory.java:1066)
	at org.springframework.beans.factory.annotation.AutowiredAnnotationBeanPostProcessor$AutowiredFieldElement.inject(AutowiredAnnotationBeanPostProcessor.java:585)
	... 27 more
[INFO] [2018-08-02 19:54:54][org.springframework.context.support.GenericApplicationContext]Closing org.springframework.context.support.GenericApplicationContext@31299938: startup date [Thu Aug 02 19:54:54 CST 2018]; root of context hierarchy
[INFO] [2018-08-02 19:56:37][org.springframework.test.context.support.DefaultTestContextBootstrapper]Loaded default TestExecutionListener class names from location [META-INF/spring.factories]: [org.springframework.test.context.web.ServletTestExecutionListener, org.springframework.test.context.support.DirtiesContextBeforeModesTestExecutionListener, org.springframework.test.context.support.DependencyInjectionTestExecutionListener, org.springframework.test.context.support.DirtiesContextTestExecutionListener, org.springframework.test.context.transaction.TransactionalTestExecutionListener, org.springframework.test.context.jdbc.SqlScriptsTestExecutionListener]
[INFO] [2018-08-02 19:56:37][org.springframework.test.context.support.DefaultTestContextBootstrapper]Using TestExecutionListeners: [org.springframework.test.context.web.ServletTestExecutionListener@5908979c, org.springframework.test.context.support.DirtiesContextBeforeModesTestExecutionListener@4319b06e, org.springframework.test.context.support.DependencyInjectionTestExecutionListener@4b8e282c, org.springframework.test.context.support.DirtiesContextTestExecutionListener@61ef8774, org.springframework.test.context.transaction.TransactionalTestExecutionListener@34a602e7, org.springframework.test.context.jdbc.SqlScriptsTestExecutionListener@7f08a6b1]
[INFO] [2018-08-02 19:56:37][org.springframework.beans.factory.xml.XmlBeanDefinitionReader]Loading XML bean definitions from URL [file:/E:/private_project/just4cool-site/target/classes/spring-mvc.xml]
[INFO] [2018-08-02 19:56:37][org.springframework.beans.factory.xml.XmlBeanDefinitionReader]Loading XML bean definitions from URL [file:/E:/private_project/just4cool-site/target/classes/spring-mybatis.xml]
[INFO] [2018-08-02 19:56:37][org.springframework.context.support.GenericApplicationContext]Refreshing org.springframework.context.support.GenericApplicationContext@5027690e: startup date [Thu Aug 02 19:56:37 CST 2018]; root of context hierarchy
[INFO] [2018-08-02 19:56:38][org.springframework.beans.factory.annotation.AutowiredAnnotationBeanPostProcessor]JSR-330 'javax.inject.Inject' annotation found and supported for autowiring
[INFO] [2018-08-02 19:56:38][org.springframework.web.servlet.mvc.method.annotation.RequestMappingHandlerAdapter]Looking for @ControllerAdvice: org.springframework.context.support.GenericApplicationContext@5027690e: startup date [Thu Aug 02 19:56:37 CST 2018]; root of context hierarchy
[INFO] [2018-08-02 19:56:39][org.springframework.context.support.GenericApplicationContext]Closing org.springframework.context.support.GenericApplicationContext@5027690e: startup date [Thu Aug 02 19:56:37 CST 2018]; root of context hierarchy
[INFO] [2018-08-02 20:01:04][org.springframework.test.context.support.DefaultTestContextBootstrapper]Loaded default TestExecutionListener class names from location [META-INF/spring.factories]: [org.springframework.test.context.web.ServletTestExecutionListener, org.springframework.test.context.support.DirtiesContextBeforeModesTestExecutionListener, org.springframework.test.context.support.DependencyInjectionTestExecutionListener, org.springframework.test.context.support.DirtiesContextTestExecutionListener, org.springframework.test.context.transaction.TransactionalTestExecutionListener, org.springframework.test.context.jdbc.SqlScriptsTestExecutionListener]
[INFO] [2018-08-02 20:01:04][org.springframework.test.context.support.DefaultTestContextBootstrapper]Using TestExecutionListeners: [org.springframework.test.context.web.ServletTestExecutionListener@cded763, org.springframework.test.context.support.DirtiesContextBeforeModesTestExecutionListener@7a0eab2e, org.springframework.test.context.support.DependencyInjectionTestExecutionListener@5908979c, org.springframework.test.context.support.DirtiesContextTestExecutionListener@4319b06e, org.springframework.test.context.transaction.TransactionalTestExecutionListener@4b8e282c, org.springframework.test.context.jdbc.SqlScriptsTestExecutionListener@61ef8774]
[INFO] [2018-08-02 20:01:04][org.springframework.beans.factory.xml.XmlBeanDefinitionReader]Loading XML bean definitions from URL [file:/E:/private_project/just4cool-site/target/classes/spring-mvc.xml]
[INFO] [2018-08-02 20:01:05][org.springframework.beans.factory.xml.XmlBeanDefinitionReader]Loading XML bean definitions from URL [file:/E:/private_project/just4cool-site/target/classes/spring-mybatis.xml]
[INFO] [2018-08-02 20:01:05][org.springframework.context.support.GenericApplicationContext]Refreshing org.springframework.context.support.GenericApplicationContext@31299938: startup date [Thu Aug 02 20:01:05 CST 2018]; root of context hierarchy
[INFO] [2018-08-02 20:01:05][org.springframework.beans.factory.annotation.AutowiredAnnotationBeanPostProcessor]JSR-330 'javax.inject.Inject' annotation found and supported for autowiring
[INFO] [2018-08-02 20:01:06][org.springframework.web.servlet.mvc.method.annotation.RequestMappingHandlerAdapter]Looking for @ControllerAdvice: org.springframework.context.support.GenericApplicationContext@31299938: startup date [Thu Aug 02 20:01:05 CST 2018]; root of context hierarchy
[INFO] [2018-08-02 20:01:06][org.springframework.context.support.GenericApplicationContext]Closing org.springframework.context.support.GenericApplicationContext@31299938: startup date [Thu Aug 02 20:01:05 CST 2018]; root of context hierarchy
[INFO] [2018-08-02 20:02:19][org.springframework.test.context.support.DefaultTestContextBootstrapper]Loaded default TestExecutionListener class names from location [META-INF/spring.factories]: [org.springframework.test.context.web.ServletTestExecutionListener, org.springframework.test.context.support.DirtiesContextBeforeModesTestExecutionListener, org.springframework.test.context.support.DependencyInjectionTestExecutionListener, org.springframework.test.context.support.DirtiesContextTestExecutionListener, org.springframework.test.context.transaction.TransactionalTestExecutionListener, org.springframework.test.context.jdbc.SqlScriptsTestExecutionListener]
[INFO] [2018-08-02 20:02:19][org.springframework.test.context.support.DefaultTestContextBootstrapper]Using TestExecutionListeners: [org.springframework.test.context.web.ServletTestExecutionListener@4b8e282c, org.springframework.test.context.support.DirtiesContextBeforeModesTestExecutionListener@61ef8774, org.springframework.test.context.support.DependencyInjectionTestExecutionListener@34a602e7, org.springframework.test.context.support.DirtiesContextTestExecutionListener@7f08a6b1, org.springframework.test.context.transaction.TransactionalTestExecutionListener@10f7ef9f, org.springframework.test.context.jdbc.SqlScriptsTestExecutionListener@594b86d]
[INFO] [2018-08-02 20:02:19][org.springframework.beans.factory.xml.XmlBeanDefinitionReader]Loading XML bean definitions from URL [file:/E:/private_project/just4cool-site/target/classes/spring-mvc.xml]
[INFO] [2018-08-02 20:02:19][org.springframework.beans.factory.xml.XmlBeanDefinitionReader]Loading XML bean definitions from URL [file:/E:/private_project/just4cool-site/target/classes/spring-mybatis.xml]
[INFO] [2018-08-02 20:02:20][org.springframework.context.support.GenericApplicationContext]Refreshing org.springframework.context.support.GenericApplicationContext@1f26261c: startup date [Thu Aug 02 20:02:20 CST 2018]; root of context hierarchy
[INFO] [2018-08-02 20:02:20][org.springframework.beans.factory.annotation.AutowiredAnnotationBeanPostProcessor]JSR-330 'javax.inject.Inject' annotation found and supported for autowiring
[INFO] [2018-08-02 20:02:20][org.springframework.web.servlet.mvc.method.annotation.RequestMappingHandlerAdapter]Looking for @ControllerAdvice: org.springframework.context.support.GenericApplicationContext@1f26261c: startup date [Thu Aug 02 20:02:20 CST 2018]; root of context hierarchy
[INFO] [2018-08-02 20:02:22][org.springframework.beans.factory.xml.XmlBeanDefinitionReader]Loading XML bean definitions from class path resource [org/springframework/jdbc/support/sql-error-codes.xml]
[INFO] [2018-08-02 20:02:22][org.springframework.jdbc.support.SQLErrorCodesFactory]SQLErrorCodes loaded: [DB2, Derby, H2, HDB, HSQL, Informix, MS-SQL, MySQL, Oracle, PostgreSQL, Sybase]
[INFO] [2018-08-02 20:02:22][org.springframework.context.support.GenericApplicationContext]Closing org.springframework.context.support.GenericApplicationContext@1f26261c: startup date [Thu Aug 02 20:02:20 CST 2018]; root of context hierarchy
[INFO] [2018-08-02 20:03:36][org.springframework.test.context.support.DefaultTestContextBootstrapper]Loaded default TestExecutionListener class names from location [META-INF/spring.factories]: [org.springframework.test.context.web.ServletTestExecutionListener, org.springframework.test.context.support.DirtiesContextBeforeModesTestExecutionListener, org.springframework.test.context.support.DependencyInjectionTestExecutionListener, org.springframework.test.context.support.DirtiesContextTestExecutionListener, org.springframework.test.context.transaction.TransactionalTestExecutionListener, org.springframework.test.context.jdbc.SqlScriptsTestExecutionListener]
[INFO] [2018-08-02 20:03:36][org.springframework.test.context.support.DefaultTestContextBootstrapper]Using TestExecutionListeners: [org.springframework.test.context.web.ServletTestExecutionListener@7eea8370, org.springframework.test.context.support.DirtiesContextBeforeModesTestExecutionListener@565b6f28, org.springframework.test.context.support.DependencyInjectionTestExecutionListener@cded763, org.springframework.test.context.support.DirtiesContextTestExecutionListener@7a0eab2e, org.springframework.test.context.transaction.TransactionalTestExecutionListener@5908979c, org.springframework.test.context.jdbc.SqlScriptsTestExecutionListener@4319b06e]
[INFO] [2018-08-02 20:03:37][org.springframework.beans.factory.xml.XmlBeanDefinitionReader]Loading XML bean definitions from URL [file:/E:/private_project/just4cool-site/target/classes/spring-mvc.xml]
[INFO] [2018-08-02 20:03:37][org.springframework.beans.factory.xml.XmlBeanDefinitionReader]Loading XML bean definitions from URL [file:/E:/private_project/just4cool-site/target/classes/spring-mybatis.xml]
[INFO] [2018-08-02 20:03:37][org.springframework.context.support.GenericApplicationContext]Refreshing org.springframework.context.support.GenericApplicationContext@63afe611: startup date [Thu Aug 02 20:03:37 CST 2018]; root of context hierarchy
[INFO] [2018-08-02 20:03:37][org.springframework.beans.factory.annotation.AutowiredAnnotationBeanPostProcessor]JSR-330 'javax.inject.Inject' annotation found and supported for autowiring
[INFO] [2018-08-02 20:03:38][org.springframework.web.servlet.mvc.method.annotation.RequestMappingHandlerAdapter]Looking for @ControllerAdvice: org.springframework.context.support.GenericApplicationContext@63afe611: startup date [Thu Aug 02 20:03:37 CST 2018]; root of context hierarchy
[INFO] [2018-08-02 20:03:39][org.springframework.beans.factory.xml.XmlBeanDefinitionReader]Loading XML bean definitions from class path resource [org/springframework/jdbc/support/sql-error-codes.xml]
[INFO] [2018-08-02 20:03:39][org.springframework.jdbc.support.SQLErrorCodesFactory]SQLErrorCodes loaded: [DB2, Derby, H2, HDB, HSQL, Informix, MS-SQL, MySQL, Oracle, PostgreSQL, Sybase]
[INFO] [2018-08-02 20:03:39][org.springframework.context.support.GenericApplicationContext]Closing org.springframework.context.support.GenericApplicationContext@63afe611: startup date [Thu Aug 02 20:03:37 CST 2018]; root of context hierarchy
[INFO] [2018-08-02 20:04:04][org.springframework.test.context.support.DefaultTestContextBootstrapper]Loaded default TestExecutionListener class names from location [META-INF/spring.factories]: [org.springframework.test.context.web.ServletTestExecutionListener, org.springframework.test.context.support.DirtiesContextBeforeModesTestExecutionListener, org.springframework.test.context.support.DependencyInjectionTestExecutionListener, org.springframework.test.context.support.DirtiesContextTestExecutionListener, org.springframework.test.context.transaction.TransactionalTestExecutionListener, org.springframework.test.context.jdbc.SqlScriptsTestExecutionListener]
[INFO] [2018-08-02 20:04:04][org.springframework.test.context.support.DefaultTestContextBootstrapper]Using TestExecutionListeners: [org.springframework.test.context.web.ServletTestExecutionListener@cded763, org.springframework.test.context.support.DirtiesContextBeforeModesTestExecutionListener@7a0eab2e, org.springframework.test.context.support.DependencyInjectionTestExecutionListener@5908979c, org.springframework.test.context.support.DirtiesContextTestExecutionListener@4319b06e, org.springframework.test.context.transaction.TransactionalTestExecutionListener@4b8e282c, org.springframework.test.context.jdbc.SqlScriptsTestExecutionListener@61ef8774]
[INFO] [2018-08-02 20:04:04][org.springframework.beans.factory.xml.XmlBeanDefinitionReader]Loading XML bean definitions from URL [file:/E:/private_project/just4cool-site/target/classes/spring-mvc.xml]
[INFO] [2018-08-02 20:04:04][org.springframework.beans.factory.xml.XmlBeanDefinitionReader]Loading XML bean definitions from URL [file:/E:/private_project/just4cool-site/target/classes/spring-mybatis.xml]
[INFO] [2018-08-02 20:04:04][org.springframework.context.support.GenericApplicationContext]Refreshing org.springframework.context.support.GenericApplicationContext@31299938: startup date [Thu Aug 02 20:04:04 CST 2018]; root of context hierarchy
[INFO] [2018-08-02 20:04:05][org.springframework.beans.factory.annotation.AutowiredAnnotationBeanPostProcessor]JSR-330 'javax.inject.Inject' annotation found and supported for autowiring
[INFO] [2018-08-02 20:04:05][org.springframework.web.servlet.mvc.method.annotation.RequestMappingHandlerAdapter]Looking for @ControllerAdvice: org.springframework.context.support.GenericApplicationContext@31299938: startup date [Thu Aug 02 20:04:04 CST 2018]; root of context hierarchy
[INFO] [2018-08-02 20:04:07][TestMyBatis]{"createTime":1533211431000,"id":1,"lastLoginTime":1516869643000,"modifyTime":1533211434000,"password":"123456","status":"20","userName":"hu","userType":"1"}
[INFO] [2018-08-02 20:04:07][org.springframework.context.support.GenericApplicationContext]Closing org.springframework.context.support.GenericApplicationContext@31299938: startup date [Thu Aug 02 20:04:04 CST 2018]; root of context hierarchy
[INFO] [2018-08-02 20:06:12][org.springframework.test.context.support.DefaultTestContextBootstrapper]Loaded default TestExecutionListener class names from location [META-INF/spring.factories]: [org.springframework.test.context.web.ServletTestExecutionListener, org.springframework.test.context.support.DirtiesContextBeforeModesTestExecutionListener, org.springframework.test.context.support.DependencyInjectionTestExecutionListener, org.springframework.test.context.support.DirtiesContextTestExecutionListener, org.springframework.test.context.transaction.TransactionalTestExecutionListener, org.springframework.test.context.jdbc.SqlScriptsTestExecutionListener]
[INFO] [2018-08-02 20:06:12][org.springframework.test.context.support.DefaultTestContextBootstrapper]Using TestExecutionListeners: [org.springframework.test.context.web.ServletTestExecutionListener@cded763, org.springframework.test.context.support.DirtiesContextBeforeModesTestExecutionListener@7a0eab2e, org.springframework.test.context.support.DependencyInjectionTestExecutionListener@5908979c, org.springframework.test.context.support.DirtiesContextTestExecutionListener@4319b06e, org.springframework.test.context.transaction.TransactionalTestExecutionListener@4b8e282c, org.springframework.test.context.jdbc.SqlScriptsTestExecutionListener@61ef8774]
[INFO] [2018-08-02 20:06:12][org.springframework.beans.factory.xml.XmlBeanDefinitionReader]Loading XML bean definitions from URL [file:/E:/private_project/just4cool-site/target/classes/spring-mvc.xml]
[INFO] [2018-08-02 20:06:12][org.springframework.beans.factory.xml.XmlBeanDefinitionReader]Loading XML bean definitions from URL [file:/E:/private_project/just4cool-site/target/classes/spring-mybatis.xml]
[INFO] [2018-08-02 20:06:12][org.springframework.context.support.GenericApplicationContext]Refreshing org.springframework.context.support.GenericApplicationContext@31299938: startup date [Thu Aug 02 20:06:12 CST 2018]; root of context hierarchy
[INFO] [2018-08-02 20:06:12][org.springframework.beans.factory.annotation.AutowiredAnnotationBeanPostProcessor]JSR-330 'javax.inject.Inject' annotation found and supported for autowiring
[INFO] [2018-08-02 20:06:13][org.springframework.web.servlet.mvc.method.annotation.RequestMappingHandlerAdapter]Looking for @ControllerAdvice: org.springframework.context.support.GenericApplicationContext@31299938: startup date [Thu Aug 02 20:06:12 CST 2018]; root of context hierarchy
[INFO] [2018-08-02 20:06:15][TestMyBatis]{"createTime":1533211431000,"id":1,"lastLoginTime":1516869643000,"modifyTime":1533211434000,"password":"123456","status":"20","userName":"hu","userType":"1"}
[INFO] [2018-08-02 20:06:15][org.springframework.context.support.GenericApplicationContext]Closing org.springframework.context.support.GenericApplicationContext@31299938: startup date [Thu Aug 02 20:06:12 CST 2018]; root of context hierarchy
